#
# There is insufficient memory for the Java Runtime Environment to continue.
# Native memory allocation (malloc) failed to allocate 645456 bytes for Chunk::new
# Possible reasons:
#   The system is out of physical RAM or swap space
#   The process is running with CompressedOops enabled, and the Java Heap may be blocking the growth of the native heap
# Possible solutions:
#   Reduce memory load on the system
#   Increase physical memory or swap space
#   Check if swap backing store is full
#   Decrease Java heap size (-Xmx/-Xms)
#   Decrease number of Java threads
#   Decrease Java thread stack sizes (-Xss)
#   Set larger code cache with -XX:ReservedCodeCacheSize=
#   JVM is running with Unscaled Compressed Oops mode in which the Java heap is
#     placed in the first 4GB address space. The Java Heap base address is the
#     maximum limit for the native heap growth. Please use -XX:HeapBaseMinAddress
#     to set the Java Heap base and to place the Java Heap above 4GB virtual address.
# This output file may be truncated or incomplete.
#
#  Out of Memory Error (allocation.cpp:389), pid=13956, tid=0x00000000000028e4
#
# JRE version: OpenJDK Runtime Environment (8.0_202-b03) (build 1.8.0_202-release-1483-b03)
# Java VM: OpenJDK 64-Bit Server VM (25.202-b03 mixed mode windows-amd64 compressed oops)
# Failed to write core dump. Minidumps are not enabled by default on client versions of Windows
#

---------------  T H R E A D  ---------------

Current thread (0x0000000016d81800):  JavaThread "C2 CompilerThread1" daemon [_thread_in_native, id=10468, stack(0x0000000018b50000,0x0000000018c50000)]

Stack: [0x0000000018b50000,0x0000000018c50000]
[error occurred during error reporting (printing stack bounds), id 0xc0000005]

Native frames: (J=compiled Java code, j=interpreted, Vv=VM code, C=native code)


Current CompileTask:
C2:5093944 45611       4       com.android.tools.r8.ir.conversion.IRBuilder::a (706 bytes)


---------------  P R O C E S S  ---------------

Java Threads: ( => current thread )
  0x000000001a79d800 JavaThread "WorkerExecutor Queue Thread 10" [_thread_blocked, id=9744, stack(0x0000000032a10000,0x0000000032b10000)]
  0x000000001a79f000 JavaThread "WorkerExecutor Queue Thread 9" [_thread_in_native, id=14212, stack(0x0000000032110000,0x0000000032210000)]
  0x000000001c7c8800 JavaThread "WorkerExecutor Queue Thread 8" [_thread_in_native, id=6540, stack(0x000000002f8b0000,0x000000002f9b0000)]
  0x000000001c7b9800 JavaThread "Cache worker for Java compile cache (C:\Users\jlr\Desktop\MusicianSocial\SocialMusician\.gradle\5.4.1\javaCompile)" [_thread_blocked, id=15584, stack(0x0000000030e90000,0x0000000030f90000)]
  0x000000001c7bf800 JavaThread "Cache worker for Java compile cache (C:\Users\jlr\.gradle\caches\5.4.1\javaCompile)" [_thread_blocked, id=5228, stack(0x00000000304d0000,0x00000000305d0000)]
  0x000000001c7bb000 JavaThread "RMI TCP Connection(3)-127.0.0.1" daemon [_thread_in_native, id=6040, stack(0x0000000032210000,0x0000000032310000)]
  0x000000001c7c2000 JavaThread "RMI TCP Connection(4)-127.0.0.1" daemon [_thread_in_native, id=9584, stack(0x0000000030f90000,0x0000000031090000)]
  0x000000001c7bf000 JavaThread "RMI TCP Connection(5)-127.0.0.1" daemon [_thread_in_native, id=15644, stack(0x0000000030ad0000,0x0000000030bd0000)]
  0x000000001c7be000 JavaThread "RMI Reaper" [_thread_blocked, id=15984, stack(0x00000000309d0000,0x0000000030ad0000)]
  0x000000001c7bd800 JavaThread "RMI TCP Accept-0" daemon [_thread_in_native, id=15648, stack(0x00000000308d0000,0x00000000309d0000)]
  0x000000001c7ba800 JavaThread "GC Daemon" daemon [_thread_blocked, id=7916, stack(0x00000000305d0000,0x00000000306d0000)]
  0x000000002836d800 JavaThread "RMI Scheduler(0)" daemon [_thread_blocked, id=10280, stack(0x00000000303d0000,0x00000000304d0000)]
  0x0000000028366000 JavaThread "WorkerExecutor Queue Thread 6" [_thread_in_native, id=3508, stack(0x00000000300b0000,0x00000000301b0000)]
  0x000000002836d000 JavaThread "stdout" [_thread_in_native, id=5448, stack(0x00000000302d0000,0x00000000303d0000)]
  0x0000000028367800 JavaThread "stderr" [_thread_in_native, id=15284, stack(0x00000000301d0000,0x00000000302d0000)]
  0x0000000028367000 JavaThread "stdout" [_thread_in_native, id=8104, stack(0x000000002ffb0000,0x00000000300b0000)]
  0x000000002836c000 JavaThread "stderr" [_thread_in_native, id=9144, stack(0x000000002feb0000,0x000000002ffb0000)]
  0x000000002836b800 JavaThread "stdout" [_thread_in_native, id=14200, stack(0x000000002fdb0000,0x000000002feb0000)]
  0x000000002836a800 JavaThread "stderr" [_thread_in_native, id=13576, stack(0x000000002fcb0000,0x000000002fdb0000)]
  0x0000000028363000 JavaThread "stdout" [_thread_in_native, id=8976, stack(0x000000002fbb0000,0x000000002fcb0000)]
  0x0000000028369000 JavaThread "stderr" [_thread_in_native, id=15192, stack(0x000000002fab0000,0x000000002fbb0000)]
  0x0000000028364800 JavaThread "WorkerExecutor Queue Thread 5" [_thread_in_native, id=1188, stack(0x000000002f9b0000,0x000000002fab0000)]
  0x000000002836a000 JavaThread "stdout" [_thread_in_native, id=5324, stack(0x000000002f7b0000,0x000000002f8b0000)]
  0x000000002b86d800 JavaThread "stderr" [_thread_in_native, id=4108, stack(0x000000002f6b0000,0x000000002f7b0000)]
  0x000000002b86a800 JavaThread "pool-33-thread-1" [_thread_blocked, id=10312, stack(0x000000002f3b0000,0x000000002f4b0000)]
  0x000000002b870800 JavaThread "WorkerExecutor Queue" [_thread_in_Java, id=9552, stack(0x000000002f2b0000,0x000000002f3b0000)]
  0x000000002b86f800 JavaThread "Cache worker for execution history cache (C:\Users\jlr\Desktop\MusicianSocial\SocialMusician\.gradle\5.4.1\executionHistory)" [_thread_blocked, id=15268, stack(0x000000002f1b0000,0x000000002f2b0000)]
  0x000000002b86f000 JavaThread "Execution worker for ':' Thread 5" [_thread_blocked, id=8292, stack(0x000000002eeb0000,0x000000002efb0000)]
  0x000000002b862000 JavaThread "Execution worker for ':' Thread 4" [_thread_blocked, id=11820, stack(0x000000002edb0000,0x000000002eeb0000)]
  0x000000002b869000 JavaThread "Execution worker for ':' Thread 3" [_thread_blocked, id=1540, stack(0x000000002ecb0000,0x000000002edb0000)]
  0x000000002b864800 JavaThread "Execution worker for ':' Thread 2" [_thread_blocked, id=3948, stack(0x000000002ebb0000,0x000000002ecb0000)]
  0x000000002b868000 JavaThread "Execution worker for ':'" [_thread_blocked, id=1396, stack(0x000000002d740000,0x000000002d840000)]
  0x000000002b863800 JavaThread "Cache worker for file content cache (C:\Users\jlr\Desktop\MusicianSocial\SocialMusician\.gradle\5.4.1\fileContent)" [_thread_blocked, id=13188, stack(0x000000002ccc0000,0x000000002cdc0000)]
  0x000000002b867800 JavaThread "Cache worker for Build Output Cleanup Cache (C:\Users\jlr\Desktop\MusicianSocial\SocialMusician\.gradle\buildOutputCleanup)" [_thread_blocked, id=3076, stack(0x0000000028d30000,0x0000000028e30000)]
  0x000000002b866800 JavaThread "Build operations Thread 6" [_thread_blocked, id=9444, stack(0x0000000027380000,0x0000000027480000)]
  0x000000002b863000 JavaThread "Build operations Thread 5" [_thread_blocked, id=6476, stack(0x0000000026080000,0x0000000026180000)]
  0x000000002b865000 JavaThread "Build operations Thread 4" [_thread_blocked, id=10136, stack(0x0000000025f80000,0x0000000026080000)]
  0x000000001f034000 JavaThread "Build operations Thread 3" [_thread_blocked, id=6608, stack(0x0000000025c80000,0x0000000025d80000)]
  0x000000001f031800 JavaThread "Build operations Thread 2" [_thread_blocked, id=10456, stack(0x0000000024fc0000,0x00000000250c0000)]
  0x000000001f02a000 JavaThread "Build operations" [_thread_blocked, id=9784, stack(0x00000000247c0000,0x00000000248c0000)]
  0x000000001f031000 JavaThread "Cache worker for cache directory md-rule (C:\Users\jlr\.gradle\caches\5.4.1\md-rule)" [_thread_blocked, id=9568, stack(0x00000000246c0000,0x00000000247c0000)]
  0x000000001f028000 JavaThread "Cache worker for cache directory md-supplier (C:\Users\jlr\.gradle\caches\5.4.1\md-supplier)" [_thread_blocked, id=12128, stack(0x00000000219f0000,0x0000000021af0000)]
  0x000000001f02b000 JavaThread "Cache worker for file hash cache (C:\Users\jlr\Desktop\MusicianSocial\SocialMusician\.gradle\5.4.1\fileHashes)" [_thread_blocked, id=12644, stack(0x000000001f9a0000,0x000000001faa0000)]
  0x000000001f02e800 JavaThread "Thread-396" [_thread_blocked, id=14976, stack(0x000000001f5e0000,0x000000001f6e0000)]
  0x000000001f027000 JavaThread "Stdin handler" [_thread_blocked, id=12648, stack(0x000000001e470000,0x000000001e570000)]
  0x000000001f028800 JavaThread "Asynchronous log dispatcher for DefaultDaemonConnection: socket connection from /127.0.0.1:56623 to /127.0.0.1:57701" [_thread_blocked, id=12084, stack(0x000000001bcd0000,0x000000001bdd0000)]
  0x000000001f02e000 JavaThread "Daemon worker Thread 11" [_thread_blocked, id=352, stack(0x000000001b5d0000,0x000000001b6d0000)]
  0x000000001f025800 JavaThread "Cancel handler" [_thread_blocked, id=11596, stack(0x000000001b4d0000,0x000000001b5d0000)]
  0x000000001f02c800 JavaThread "Handler for socket connection from /127.0.0.1:56623 to /127.0.0.1:57701" [_thread_in_native, id=296, stack(0x00000000015b0000,0x00000000016b0000)]
  0x000000001f026800 JavaThread "Daemon Thread 11" [_thread_blocked, id=13980, stack(0x00000000014b0000,0x00000000015b0000)]
  0x000000001c7c2800 JavaThread "Cache worker for file content cache (C:\Users\jlr\.gradle\caches\5.4.1\fileContent)" [_thread_blocked, id=5144, stack(0x00000000248c0000,0x00000000249c0000)]
  0x000000001a799000 JavaThread "Memory manager" [_thread_blocked, id=15588, stack(0x00000000241c0000,0x00000000242c0000)]
  0x000000001a79a800 JavaThread "Cache worker for execution history cache (C:\Users\jlr\.gradle\caches\5.4.1\executionHistory)" [_thread_blocked, id=1492, stack(0x00000000212f0000,0x00000000213f0000)]
  0x000000001a60b000 JavaThread "Cache worker for journal cache (C:\Users\jlr\.gradle\caches\journal-1)" [_thread_blocked, id=1960, stack(0x000000001bfd0000,0x000000001c0d0000)]
  0x000000001a60f800 JavaThread "File lock request listener" [_thread_in_native, id=14400, stack(0x000000001bed0000,0x000000001bfd0000)]
  0x000000001a60e800 JavaThread "Cache worker for file hash cache (C:\Users\jlr\.gradle\caches\5.4.1\fileHashes)" [_thread_blocked, id=13416, stack(0x000000001bdd0000,0x000000001bed0000)]
  0x000000001954f000 JavaThread "Daemon periodic checks" [_thread_blocked, id=4292, stack(0x000000001b3d0000,0x000000001b4d0000)]
  0x000000001953c800 JavaThread "Incoming local TCP Connector on port 56623" [_thread_in_native, id=9664, stack(0x000000001b160000,0x000000001b260000)]
  0x000000001a566800 JavaThread "Daemon health stats" [_thread_blocked, id=13652, stack(0x000000001ab20000,0x000000001ac20000)]
  0x0000000016d9e800 JavaThread "Service Thread" daemon [_thread_blocked, id=15392, stack(0x0000000019150000,0x0000000019250000)]
  0x0000000016d9d000 JavaThread "C1 CompilerThread2" daemon [_thread_blocked, id=13084, stack(0x0000000019050000,0x0000000019150000)]
=>0x0000000016d81800 JavaThread "C2 CompilerThread1" daemon [_thread_in_native, id=10468, stack(0x0000000018b50000,0x0000000018c50000)]
  0x0000000016d7d000 JavaThread "C2 CompilerThread0" daemon [_thread_in_native, id=11980, stack(0x0000000018a50000,0x0000000018b50000)]
  0x0000000016d89000 JavaThread "Attach Listener" daemon [_thread_blocked, id=13536, stack(0x0000000018950000,0x0000000018a50000)]
  0x0000000016d87000 JavaThread "Signal Dispatcher" daemon [_thread_blocked, id=11768, stack(0x0000000018850000,0x0000000018950000)]
  0x00000000031cc000 JavaThread "Finalizer" daemon [_thread_blocked, id=5864, stack(0x0000000018620000,0x0000000018720000)]
  0x00000000031c5000 JavaThread "Reference Handler" daemon [_thread_blocked, id=1524, stack(0x0000000018520000,0x0000000018620000)]
  0x0000000002fcd800 JavaThread "main" [_thread_blocked, id=15872, stack(0x0000000002fd0000,0x00000000030d0000)]

Other Threads:
  0x0000000016d47000 VMThread [stack: 0x0000000018420000,0x0000000018520000] [id=6940]
  0x0000000018cc6800 WatcherThread [stack: 0x0000000019250000,0x0000000019350000] [id=9052]

VM state:not at safepoint (normal execution)

VM Mutex/Monitor currently owned by a thread: None

heap address: 0x00000000a0000000, size: 1536 MB, Compressed Oops mode: 32-bit
Narrow klass base: 0x0000000000000000, Narrow klass shift: 3
Compressed class space size: 1073741824 Address: 0x0000000100000000

Heap:
 PSYoungGen      total 402944K, used 271503K [0x00000000e0000000, 0x00000000ff380000, 0x0000000100000000)
  eden space 307712K, 71% used [0x00000000e0000000,0x00000000ed61e098,0x00000000f2c80000)
  from space 95232K, 54% used [0x00000000f9680000,0x00000000fc985f08,0x00000000ff380000)
  to   space 101888K, 0% used [0x00000000f2c80000,0x00000000f2c80000,0x00000000f9000000)
 ParOldGen       total 311296K, used 223132K [0x00000000a0000000, 0x00000000b3000000, 0x00000000e0000000)
  object space 311296K, 71% used [0x00000000a0000000,0x00000000ad9e7108,0x00000000b3000000)
 Metaspace       used 199034K, capacity 210277K, committed 210392K, reserved 1232896K
  class space    used 24817K, capacity 26771K, committed 26840K, reserved 1048576K

Card table byte_map: [0x0000000012590000,0x00000000128a0000] byte_map_base: 0x0000000012090000

Marking Bits: (ParMarkBitMap*) 0x00000000739f9f30
 Begin Bits: [0x00000000130a0000, 0x00000000148a0000)
 End Bits:   [0x00000000148a0000, 0x00000000160a0000)

Polling page: 0x0000000001330000

CodeCache: size=245760Kb used=117293Kb max_used=117293Kb free=128466Kb
 bounds [0x00000000031d0000, 0x000000000a500000, 0x00000000121d0000]
 total_blobs=35876 nmethods=34867 adapters=918
 compilation: enabled

Compilation events (10 events):
Event: 5093.940 Thread 0x0000000016d9d000 nmethod 45737 0x000000000a4f8a50 code [0x000000000a4f8be0, 0x000000000a4f9288]
Event: 5093.940 Thread 0x0000000016d9d000 45740   !   2       com.google.common.util.concurrent.Uninterruptibles::getUninterruptibly (40 bytes)
Event: 5093.941 Thread 0x0000000016d9d000 nmethod 45740 0x000000000a4f9510 code [0x000000000a4f96a0, 0x000000000a4f9928]
Event: 5093.941 Thread 0x0000000016d9d000 45739       2       com.android.tools.r8.n.a.a.a.h.N$c::iterator (12 bytes)
Event: 5093.941 Thread 0x0000000016d9d000 nmethod 45739 0x000000000a4f9ad0 code [0x000000000a4f9c40, 0x000000000a4f9e48]
Event: 5093.941 Thread 0x0000000016d9d000 45738       2       sun.security.provider.SHA::<init> (30 bytes)
Event: 5093.941 Thread 0x0000000016d9d000 nmethod 45738 0x000000000a4f9f10 code [0x000000000a4fa080, 0x000000000a4fa3e8]
Event: 5093.942 Thread 0x0000000016d9d000 45741       2       com.android.tools.r8.n.a.a.a.h.v::<init> (5 bytes)
Event: 5093.943 Thread 0x0000000016d9d000 nmethod 45741 0x000000000a4fa4d0 code [0x000000000a4fa620, 0x000000000a4fa770]
Event: 5093.943 Thread 0x0000000016d9d000 45742       2       com.android.tools.r8.n.a.a.a.h.H0::<init> (118 bytes)

GC Heap History (10 events):
Event: 4425.590 GC heap before
{Heap before GC invocations=47 (full 5):
 PSYoungGen      total 426496K, used 408004K [0x00000000e0000000, 0x0000000100000000, 0x0000000100000000)
  eden space 338432K, 100% used [0x00000000e0000000,0x00000000f4a80000,0x00000000f4a80000)
  from space 88064K, 79% used [0x00000000f4a80000,0x00000000f8e71338,0x00000000fa080000)
  to   space 94208K, 0% used [0x00000000fa400000,0x00000000fa400000,0x0000000100000000)
 ParOldGen       total 311296K, used 151848K [0x00000000a0000000, 0x00000000b3000000, 0x00000000e0000000)
  object space 311296K, 48% used [0x00000000a0000000,0x00000000a944a000,0x00000000b3000000)
 Metaspace       used 183957K, capacity 193392K, committed 193624K, reserved 1218560K
  class space    used 22947K, capacity 24626K, committed 24664K, reserved 1048576K
Event: 4425.686 GC heap after
Heap after GC invocations=47 (full 5):
 PSYoungGen      total 380928K, used 94195K [0x00000000e0000000, 0x0000000100000000, 0x0000000100000000)
  eden space 286720K, 0% used [0x00000000e0000000,0x00000000e0000000,0x00000000f1800000)
  from space 94208K, 99% used [0x00000000fa400000,0x00000000ffffcde8,0x0000000100000000)
  to   space 118784K, 0% used [0x00000000f1800000,0x00000000f1800000,0x00000000f8c00000)
 ParOldGen       total 311296K, used 180830K [0x00000000a0000000, 0x00000000b3000000, 0x00000000e0000000)
  object space 311296K, 58% used [0x00000000a0000000,0x00000000ab097968,0x00000000b3000000)
 Metaspace       used 183957K, capacity 193392K, committed 193624K, reserved 1218560K
  class space    used 22947K, capacity 24626K, committed 24664K, reserved 1048576K
}
Event: 4757.320 GC heap before
{Heap before GC invocations=48 (full 5):
 PSYoungGen      total 380928K, used 380915K [0x00000000e0000000, 0x0000000100000000, 0x0000000100000000)
  eden space 286720K, 100% used [0x00000000e0000000,0x00000000f1800000,0x00000000f1800000)
  from space 94208K, 99% used [0x00000000fa400000,0x00000000ffffcde8,0x0000000100000000)
  to   space 118784K, 0% used [0x00000000f1800000,0x00000000f1800000,0x00000000f8c00000)
 ParOldGen       total 311296K, used 180830K [0x00000000a0000000, 0x00000000b3000000, 0x00000000e0000000)
  object space 311296K, 58% used [0x00000000a0000000,0x00000000ab097968,0x00000000b3000000)
 Metaspace       used 186761K, capacity 197372K, committed 197592K, reserved 1222656K
  class space    used 23379K, capacity 25212K, committed 25304K, reserved 1048576K
Event: 4757.435 GC heap after
Heap after GC invocations=48 (full 5):
 PSYoungGen      total 405504K, used 35924K [0x00000000e0000000, 0x0000000100000000, 0x0000000100000000)
  eden space 286720K, 0% used [0x00000000e0000000,0x00000000e0000000,0x00000000f1800000)
  from space 118784K, 30% used [0x00000000f1800000,0x00000000f3b151c8,0x00000000f8c00000)
  to   space 114688K, 0% used [0x00000000f9000000,0x00000000f9000000,0x0000000100000000)
 ParOldGen       total 311296K, used 223108K [0x00000000a0000000, 0x00000000b3000000, 0x00000000e0000000)
  object space 311296K, 71% used [0x00000000a0000000,0x00000000ad9e1108,0x00000000b3000000)
 Metaspace       used 186761K, capacity 197372K, committed 197592K, reserved 1222656K
  class space    used 23379K, capacity 25212K, committed 25304K, reserved 1048576K
}
Event: 5071.320 GC heap before
{Heap before GC invocations=49 (full 5):
 PSYoungGen      total 405504K, used 322644K [0x00000000e0000000, 0x0000000100000000, 0x0000000100000000)
  eden space 286720K, 100% used [0x00000000e0000000,0x00000000f1800000,0x00000000f1800000)
  from space 118784K, 30% used [0x00000000f1800000,0x00000000f3b151c8,0x00000000f8c00000)
  to   space 114688K, 0% used [0x00000000f9000000,0x00000000f9000000,0x0000000100000000)
 ParOldGen       total 311296K, used 223108K [0x00000000a0000000, 0x00000000b3000000, 0x00000000e0000000)
  object space 311296K, 71% used [0x00000000a0000000,0x00000000ad9e1108,0x00000000b3000000)
 Metaspace       used 187089K, capacity 197774K, committed 197848K, reserved 1222656K
  class space    used 23400K, capacity 25235K, committed 25304K, reserved 1048576K
Event: 5071.501 GC heap after
Heap after GC invocations=49 (full 5):
 PSYoungGen      total 393216K, used 36364K [0x00000000e0000000, 0x00000000ff400000, 0x0000000100000000)
  eden space 290816K, 0% used [0x00000000e0000000,0x00000000e0000000,0x00000000f1c00000)
  from space 102400K, 35% used [0x00000000f9000000,0x00000000fb383080,0x00000000ff400000)
  to   space 110592K, 0% used [0x00000000f1c00000,0x00000000f1c00000,0x00000000f8800000)
 ParOldGen       total 311296K, used 223116K [0x00000000a0000000, 0x00000000b3000000, 0x00000000e0000000)
  object space 311296K, 71% used [0x00000000a0000000,0x00000000ad9e3108,0x00000000b3000000)
 Metaspace       used 187089K, capacity 197774K, committed 197848K, reserved 1222656K
  class space    used 23400K, capacity 25235K, committed 25304K, reserved 1048576K
}
Event: 5089.832 GC heap before
{Heap before GC invocations=50 (full 5):
 PSYoungGen      total 393216K, used 327180K [0x00000000e0000000, 0x00000000ff400000, 0x0000000100000000)
  eden space 290816K, 100% used [0x00000000e0000000,0x00000000f1c00000,0x00000000f1c00000)
  from space 102400K, 35% used [0x00000000f9000000,0x00000000fb383080,0x00000000ff400000)
  to   space 110592K, 0% used [0x00000000f1c00000,0x00000000f1c00000,0x00000000f8800000)
 ParOldGen       total 311296K, used 223116K [0x00000000a0000000, 0x00000000b3000000, 0x00000000e0000000)
  object space 311296K, 71% used [0x00000000a0000000,0x00000000ad9e3108,0x00000000b3000000)
 Metaspace       used 189504K, capacity 200293K, committed 200536K, reserved 1224704K
  class space    used 23736K, capacity 25607K, committed 25688K, reserved 1048576K
Event: 5089.884 GC heap after
Heap after GC invocations=50 (full 5):
 PSYoungGen      total 401408K, used 38627K [0x00000000e0000000, 0x00000000ffe00000, 0x0000000100000000)
  eden space 290816K, 0% used [0x00000000e0000000,0x00000000e0000000,0x00000000f1c00000)
  from space 110592K, 34% used [0x00000000f1c00000,0x00000000f41b8fe0,0x00000000f8800000)
  to   space 105984K, 0% used [0x00000000f9680000,0x00000000f9680000,0x00000000ffe00000)
 ParOldGen       total 311296K, used 223124K [0x00000000a0000000, 0x00000000b3000000, 0x00000000e0000000)
  object space 311296K, 71% used [0x00000000a0000000,0x00000000ad9e5108,0x00000000b3000000)
 Metaspace       used 189504K, capacity 200293K, committed 200536K, reserved 1224704K
  class space    used 23736K, capacity 25607K, committed 25688K, reserved 1048576K
}
Event: 5092.928 GC heap before
{Heap before GC invocations=51 (full 5):
 PSYoungGen      total 401408K, used 329443K [0x00000000e0000000, 0x00000000ffe00000, 0x0000000100000000)
  eden space 290816K, 100% used [0x00000000e0000000,0x00000000f1c00000,0x00000000f1c00000)
  from space 110592K, 34% used [0x00000000f1c00000,0x00000000f41b8fe0,0x00000000f8800000)
  to   space 105984K, 0% used [0x00000000f9680000,0x00000000f9680000,0x00000000ffe00000)
 ParOldGen       total 311296K, used 223124K [0x00000000a0000000, 0x00000000b3000000, 0x00000000e0000000)
  object space 311296K, 71% used [0x00000000a0000000,0x00000000ad9e5108,0x00000000b3000000)
 Metaspace       used 196113K, capacity 207183K, committed 207448K, reserved 1230848K
  class space    used 24474K, capacity 26428K, committed 26456K, reserved 1048576K
Event: 5092.992 GC heap after
Heap after GC invocations=51 (full 5):
 PSYoungGen      total 402944K, used 52247K [0x00000000e0000000, 0x00000000ff380000, 0x0000000100000000)
  eden space 307712K, 0% used [0x00000000e0000000,0x00000000e0000000,0x00000000f2c80000)
  from space 95232K, 54% used [0x00000000f9680000,0x00000000fc985f08,0x00000000ff380000)
  to   space 101888K, 0% used [0x00000000f2c80000,0x00000000f2c80000,0x00000000f9000000)
 ParOldGen       total 311296K, used 223132K [0x00000000a0000000, 0x00000000b3000000, 0x00000000e0000000)
  object space 311296K, 71% used [0x00000000a0000000,0x00000000ad9e7108,0x00000000b3000000)
 Metaspace       used 196113K, capacity 207183K, committed 207448K, reserved 1230848K
  class space    used 24474K, capacity 26428K, committed 26456K, reserved 1048576K
}

Deoptimization events (10 events):
Event: 5093.707 Thread 0x0000000028366000 Uncommon trap: reason=bimorphic action=maybe_recompile pc=0x000000000a395d78 method=com.android.tools.r8.ir.code.ValueType.a(Lcom/android/tools/r8/ir/analysis/type/TypeLatticeElement;)Lcom/android/tools/r8/ir/code/ValueType; @ 12
Event: 5093.707 Thread 0x0000000028366000 Uncommon trap: reason=bimorphic action=maybe_recompile pc=0x000000000a395d78 method=com.android.tools.r8.ir.code.ValueType.a(Lcom/android/tools/r8/ir/analysis/type/TypeLatticeElement;)Lcom/android/tools/r8/ir/code/ValueType; @ 12
Event: 5093.707 Thread 0x0000000028366000 Uncommon trap: reason=bimorphic action=maybe_recompile pc=0x000000000a395d78 method=com.android.tools.r8.ir.code.ValueType.a(Lcom/android/tools/r8/ir/analysis/type/TypeLatticeElement;)Lcom/android/tools/r8/ir/code/ValueType; @ 12
Event: 5093.707 Thread 0x0000000028366000 Uncommon trap: reason=bimorphic action=maybe_recompile pc=0x000000000a395d78 method=com.android.tools.r8.ir.code.ValueType.a(Lcom/android/tools/r8/ir/analysis/type/TypeLatticeElement;)Lcom/android/tools/r8/ir/code/ValueType; @ 12
Event: 5093.707 Thread 0x0000000028366000 Uncommon trap: reason=unstable_if action=reinterpret pc=0x000000000a37ef40 method=com.android.tools.r8.ir.analysis.type.TypeLatticeElement.q()I @ 35
Event: 5093.747 Thread 0x0000000028366000 Uncommon trap: reason=class_check action=maybe_recompile pc=0x000000000a34b350 method=com.android.tools.r8.ir.code.CatchHandlers.size()I @ 42
Event: 5093.747 Thread 0x0000000028366000 Uncommon trap: reason=class_check action=maybe_recompile pc=0x000000000a34b350 method=com.android.tools.r8.ir.code.CatchHandlers.size()I @ 42
Event: 5093.747 Thread 0x0000000028366000 Uncommon trap: reason=class_check action=maybe_recompile pc=0x000000000a34b350 method=com.android.tools.r8.ir.code.CatchHandlers.size()I @ 42
Event: 5093.747 Thread 0x0000000028366000 Uncommon trap: reason=class_check action=maybe_recompile pc=0x000000000a34b350 method=com.android.tools.r8.ir.code.CatchHandlers.size()I @ 42
Event: 5093.782 Thread 0x000000001a79f000 Uncommon trap: reason=unstable_if action=reinterpret pc=0x000000000a4372e0 method=com.android.tools.r8.ir.conversion.N.buildInstruction(Lcom/android/tools/r8/ir/conversion/IRBuilder;IZ)V @ 261

Classes redefined (0 events):
No events

Internal exceptions (10 events):
Event: 5093.926 Thread 0x000000001a79f000 Exception <a 'sun/nio/fs/WindowsException'> (0x00000000ec8ad2e0) thrown at [D:\src\AOSP-openjdk-cygwin\jdk8u\hotspot\src\share\vm\prims\jni.cpp, line 710]
Event: 5093.926 Thread 0x0000000028364800 Exception <a 'sun/nio/fs/WindowsException'> (0x00000000ec52e0f0) thrown at [D:\src\AOSP-openjdk-cygwin\jdk8u\hotspot\src\share\vm\prims\jni.cpp, line 710]
Event: 5093.927 Thread 0x000000001c7c8800 Exception <a 'sun/nio/fs/WindowsException'> (0x00000000ec64afe0) thrown at [D:\src\AOSP-openjdk-cygwin\jdk8u\hotspot\src\share\vm\prims\jni.cpp, line 710]
Event: 5093.930 Thread 0x000000001c7c8800 Exception <a 'sun/nio/fs/WindowsException'> (0x00000000ec653e80) thrown at [D:\src\AOSP-openjdk-cygwin\jdk8u\hotspot\src\share\vm\prims\jni.cpp, line 710]
Event: 5093.936 Thread 0x000000001a79f000 Exception <a 'sun/nio/fs/WindowsException'> (0x00000000ed061f28) thrown at [D:\src\AOSP-openjdk-cygwin\jdk8u\hotspot\src\share\vm\prims\jni.cpp, line 710]
Event: 5093.936 Thread 0x0000000028364800 Exception <a 'sun/nio/fs/WindowsException'> (0x00000000eca5cb88) thrown at [D:\src\AOSP-openjdk-cygwin\jdk8u\hotspot\src\share\vm\prims\jni.cpp, line 710]
Event: 5093.937 Thread 0x000000001c7c8800 Exception <a 'sun/nio/fs/WindowsException'> (0x00000000ec65f4d8) thrown at [D:\src\AOSP-openjdk-cygwin\jdk8u\hotspot\src\share\vm\prims\jni.cpp, line 710]
Event: 5093.940 Thread 0x000000001c7c8800 Exception <a 'sun/nio/fs/WindowsException'> (0x00000000ed4dcdb8) thrown at [D:\src\AOSP-openjdk-cygwin\jdk8u\hotspot\src\share\vm\prims\jni.cpp, line 710]
Event: 5093.940 Thread 0x000000001a79f000 Exception <a 'sun/nio/fs/WindowsException'> (0x00000000ed06cca8) thrown at [D:\src\AOSP-openjdk-cygwin\jdk8u\hotspot\src\share\vm\prims\jni.cpp, line 710]
Event: 5093.941 Thread 0x0000000028364800 Exception <a 'sun/nio/fs/WindowsException'> (0x00000000ed44d788) thrown at [D:\src\AOSP-openjdk-cygwin\jdk8u\hotspot\src\share\vm\prims\jni.cpp, line 710]

Events (10 events):
Event: 5093.890 Thread 0x0000000028364800 DEOPT PACKING pc=0x0000000004cb3d06 sp=0x000000002faae260
Event: 5093.890 Thread 0x0000000028364800 DEOPT UNPACKING pc=0x00000000032175d0 sp=0x000000002faadfd8 mode 0
Event: 5093.892 Thread 0x000000001a79f000 DEOPT PACKING pc=0x0000000004cb3d06 sp=0x000000003220dd80
Event: 5093.892 Thread 0x000000001a79f000 DEOPT UNPACKING pc=0x00000000032175d0 sp=0x000000003220daf8 mode 0
Event: 5093.923 Thread 0x000000001a79f000 DEOPT PACKING pc=0x00000000099725be sp=0x000000003220d780
Event: 5093.923 Thread 0x000000001a79f000 DEOPT UNPACKING pc=0x00000000032175d0 sp=0x000000003220d4f0 mode 0
Event: 5093.929 Thread 0x0000000028364800 DEOPT PACKING pc=0x00000000098da7cd sp=0x000000002faae050
Event: 5093.929 Thread 0x0000000028364800 DEOPT UNPACKING pc=0x00000000032175d0 sp=0x000000002faade40 mode 0
Event: 5093.943 Thread 0x000000001a79f000 DEOPT PACKING pc=0x0000000009a5015d sp=0x000000003220d850
Event: 5093.943 Thread 0x000000001a79f000 DEOPT UNPACKING pc=0x00000000032175d0 sp=0x000000003220d570 mode 0


Dynamic libraries:
0x00007ff78ee00000 - 0x00007ff78ee31000 	C:\Program Files\Android\Android Studio\jre\bin\java.exe
0x00007ffcc6420000 - 0x00007ffcc6610000 	C:\WINDOWS\SYSTEM32\ntdll.dll
0x00007ffcc5e20000 - 0x00007ffcc5ed2000 	C:\WINDOWS\System32\KERNEL32.DLL
0x00007ffcc33b0000 - 0x00007ffcc3653000 	C:\WINDOWS\System32\KERNELBASE.dll
0x00007ffcc5ee0000 - 0x00007ffcc5f83000 	C:\WINDOWS\System32\ADVAPI32.dll
0x00007ffcc46a0000 - 0x00007ffcc473e000 	C:\WINDOWS\System32\msvcrt.dll
0x00007ffcc5d80000 - 0x00007ffcc5e17000 	C:\WINDOWS\System32\sechost.dll
0x00007ffcc4e20000 - 0x00007ffcc4f40000 	C:\WINDOWS\System32\RPCRT4.dll
0x00007ffcc5bb0000 - 0x00007ffcc5d43000 	C:\WINDOWS\System32\USER32.dll
0x00007ffcc3710000 - 0x00007ffcc3731000 	C:\WINDOWS\System32\win32u.dll
0x00007ffcc5d50000 - 0x00007ffcc5d76000 	C:\WINDOWS\System32\GDI32.dll
0x00007ffcc3910000 - 0x00007ffcc3aa4000 	C:\WINDOWS\System32\gdi32full.dll
0x00007ffcc4380000 - 0x00007ffcc441e000 	C:\WINDOWS\System32\msvcp_win.dll
0x00007ffcc3810000 - 0x00007ffcc390a000 	C:\WINDOWS\System32\ucrtbase.dll
0x00007ffcb2860000 - 0x00007ffcb2ae5000 	C:\WINDOWS\WinSxS\amd64_microsoft.windows.common-controls_6595b64144ccf1df_6.0.18362.295_none_e6c3acbd13101292\COMCTL32.dll
0x00007ffcc60a0000 - 0x00007ffcc63d6000 	C:\WINDOWS\System32\combase.dll
0x00007ffcc3790000 - 0x00007ffcc3810000 	C:\WINDOWS\System32\bcryptPrimitives.dll
0x00007ffcc4740000 - 0x00007ffcc476e000 	C:\WINDOWS\System32\IMM32.DLL
0x0000000072fa0000 - 0x0000000073072000 	C:\Program Files\Android\Android Studio\jre\jre\bin\msvcr100.dll
0x0000000073230000 - 0x0000000073a76000 	C:\Program Files\Android\Android Studio\jre\jre\bin\server\jvm.dll
0x00007ffcc5770000 - 0x00007ffcc5778000 	C:\WINDOWS\System32\PSAPI.DLL
0x00007ffcc1bb0000 - 0x00007ffcc1bb9000 	C:\WINDOWS\SYSTEM32\WSOCK32.dll
0x00007ffcc5a90000 - 0x00007ffcc5aff000 	C:\WINDOWS\System32\WS2_32.dll
0x00007ffcb5bc0000 - 0x00007ffcb5be4000 	C:\WINDOWS\SYSTEM32\WINMM.dll
0x00007ffcba690000 - 0x00007ffcba69a000 	C:\WINDOWS\SYSTEM32\VERSION.dll
0x00007ffcb5870000 - 0x00007ffcb589d000 	C:\WINDOWS\SYSTEM32\WINMMBASE.dll
0x00007ffcc4420000 - 0x00007ffcc446a000 	C:\WINDOWS\System32\cfgmgr32.dll
0x00007ffcc1ba0000 - 0x00007ffcc1baf000 	C:\Program Files\Android\Android Studio\jre\jre\bin\verify.dll
0x00007ffcbfe90000 - 0x00007ffcbfeb9000 	C:\Program Files\Android\Android Studio\jre\jre\bin\java.dll
0x00007ffcbac50000 - 0x00007ffcbac66000 	C:\Program Files\Android\Android Studio\jre\jre\bin\zip.dll
0x00007ffcc5080000 - 0x00007ffcc5762000 	C:\WINDOWS\System32\SHELL32.dll
0x00007ffcc5f90000 - 0x00007ffcc6039000 	C:\WINDOWS\System32\shcore.dll
0x00007ffcc3ab0000 - 0x00007ffcc422c000 	C:\WINDOWS\System32\windows.storage.dll
0x00007ffcc3370000 - 0x00007ffcc338f000 	C:\WINDOWS\System32\profapi.dll
0x00007ffcc3320000 - 0x00007ffcc336a000 	C:\WINDOWS\System32\powrprof.dll
0x00007ffcc32f0000 - 0x00007ffcc3300000 	C:\WINDOWS\System32\UMPDC.dll
0x00007ffcc5850000 - 0x00007ffcc58a2000 	C:\WINDOWS\System32\shlwapi.dll
0x00007ffcc3300000 - 0x00007ffcc3311000 	C:\WINDOWS\System32\kernel.appcore.dll
0x00007ffcc3740000 - 0x00007ffcc3757000 	C:\WINDOWS\System32\cryptsp.dll
0x00007ffcbac10000 - 0x00007ffcbac2a000 	C:\Program Files\Android\Android Studio\jre\jre\bin\net.dll
0x00007ffcc2b60000 - 0x00007ffcc2bc7000 	C:\WINDOWS\system32\mswsock.dll
0x00007ffcbabf0000 - 0x00007ffcbac01000 	C:\Program Files\Android\Android Studio\jre\jre\bin\nio.dll
0x00007ffcaf450000 - 0x00007ffcaf476000 	C:\Users\jlr\.gradle\native\29\windows-amd64\native-platform.dll
0x00007ffcc0390000 - 0x00007ffcc039d000 	C:\Program Files\Android\Android Studio\jre\jre\bin\management.dll
0x00007ffcc2670000 - 0x00007ffcc26a3000 	C:\WINDOWS\system32\rsaenh.dll
0x00007ffcc3760000 - 0x00007ffcc3786000 	C:\WINDOWS\System32\bcrypt.dll
0x00007ffcc3210000 - 0x00007ffcc3235000 	C:\WINDOWS\SYSTEM32\USERENV.dll
0x00007ffcc2d30000 - 0x00007ffcc2d3c000 	C:\WINDOWS\SYSTEM32\CRYPTBASE.dll
0x00007ffcc2870000 - 0x00007ffcc28aa000 	C:\WINDOWS\SYSTEM32\IPHLPAPI.DLL
0x00007ffcc4680000 - 0x00007ffcc4688000 	C:\WINDOWS\System32\NSI.dll
0x00007ffcb7610000 - 0x00007ffcb7626000 	C:\WINDOWS\SYSTEM32\dhcpcsvc6.DLL
0x00007ffcb75f0000 - 0x00007ffcb760c000 	C:\WINDOWS\SYSTEM32\dhcpcsvc.DLL
0x00007ffcc28b0000 - 0x00007ffcc297a000 	C:\WINDOWS\SYSTEM32\DNSAPI.dll
0x00007ffca0980000 - 0x00007ffca0b1c000 	C:\Program Files\Android\Android Studio\jre\jre\bin\awt.dll
0x00007ffcc4be0000 - 0x00007ffcc4ca4000 	C:\WINDOWS\System32\OLEAUT32.dll
0x00007ffcc04b0000 - 0x00007ffcc0a70000 	C:\WINDOWS\SYSTEM32\d2d1.dll
0x00007ffcc1ca0000 - 0x00007ffcc1ccd000 	C:\WINDOWS\SYSTEM32\dwmapi.dll
0x00007ffcc1890000 - 0x00007ffcc191f000 	C:\WINDOWS\SYSTEM32\apphelp.dll
0x00007ffcbaa30000 - 0x00007ffcbaa4e000 	C:\Users\jlr\AppData\Local\Temp\native-platform8830970174925971408dir\native-platform.dll

VM Arguments:
jvm_args: -Xmx1536m -Dfile.encoding=windows-1252 -Duser.country=FR -Duser.language=fr -Duser.variant 
java_command: org.gradle.launcher.daemon.bootstrap.GradleDaemon 5.4.1
java_class_path (initial): C:\Users\jlr\.gradle\wrapper\dists\gradle-5.4.1-all\3221gyojl5jsh0helicew7rwx\gradle-5.4.1\lib\gradle-launcher-5.4.1.jar
Launcher Type: SUN_STANDARD

Environment Variables:
PATH=C:\Program Files (x86)\Intel\Intel(R) Management Engine Components\iCLS\;C:\Program Files\Intel\Intel(R) Management Engine Components\iCLS\;C:\WINDOWS\system32;C:\WINDOWS;C:\WINDOWS\System32\Wbem;C:\WINDOWS\System32\WindowsPowerShell\v1.0\;C:\WINDOWS\System32\OpenSSH\;C:\Program Files (x86)\Intel\Intel(R) Management Engine Components\DAL;C:\Program Files\Intel\Intel(R) Management Engine Components\DAL;C:\Program Files\Git\cmd;C:\Users\jlr\AppData\Local\Microsoft\WindowsApps;
USERNAME=jlr
OS=Windows_NT
PROCESSOR_IDENTIFIER=Intel64 Family 6 Model 158 Stepping 10, GenuineIntel



---------------  S Y S T E M  ---------------

OS: Windows 10.0 , 64 bit Build 18362 (10.0.18362.86)

CPU:total 6 (initial active 6) (6 cores per cpu, 1 threads per core) family 6 model 158 stepping 10, cmov, cx8, fxsr, mmx, sse, sse2, sse3, ssse3, sse4.1, sse4.2, popcnt, avx, avx2, aes, clmul, erms, rtm, 3dnowpref, lzcnt, tsc, tscinvbit, bmi1, bmi2, adx

Memory: 4k page, physical 8228136k(447732k free), swap 12422440k(5416k free)

vm_info: OpenJDK 64-Bit Server VM (25.202-b03) for windows-amd64 JRE (1.8.0_202-release-1483-b03), built by "builder" with MS VC++ 10.0 (VS2010)

time: Fri Sep 06 12:11:19 2019
timezone: Paris, Madrid (heure d’été)
elapsed time: 5093 seconds (0d 1h 24m 53s)

